<?xml version="1.0" encoding="UTF-8"?>
<!-- Generated by org.testng.reporters.JUnitReportReporter -->
<testsuite hostname="IN-00228784" name="testCases.Test_Pending_Leave_Request" tests="1" failures="0" timestamp="26 Jan 2021 17:32:51 GMT" time="5.346" errors="0">
  <testcase name="verifyPendingLeaveRequest" time="5.346" classname="testCases.Test_Pending_Leave_Request"/>
</testsuite> <!-- testCases.Test_Pending_Leave_Request -->
